info: Microsoft.AspNetCore.DataProtection.KeyManagement.XmlKeyManager[63]
      User profile is available. Using 'C:\Users\SF244914\AppData\Local\ASP.NET\DataProtection-Keys' as key repository and Windows DPAPI to encrypt keys at rest.
info: Microsoft.Hosting.Lifetime[0]
      Application started. Press Ctrl+C to shut down.
info: Microsoft.Hosting.Lifetime[0]
      Hosting environment: Development
info: Microsoft.Hosting.Lifetime[0]
      Content root path: C:\Radzen\server
info: Microsoft.AspNetCore.Hosting.Diagnostics[1]
      Request starting HTTP/1.1 GET http://localhost:5000/ - -
warn: Microsoft.AspNetCore.HttpsPolicy.HttpsRedirectionMiddleware[3]
      Failed to determine the https port for redirect.
info: Microsoft.AspNetCore.Routing.EndpointMiddleware[0]
      Executing endpoint '/_Host'
info: Microsoft.AspNetCore.Mvc.RazorPages.Infrastructure.PageActionInvoker[3]
      Route matched with {page = "/_Host", action = "", controller = ""}. Executing page /_Host
info: Microsoft.AspNetCore.Mvc.RazorPages.Infrastructure.PageActionInvoker[107]
      Executing an implicit handler method - ModelState is Valid
info: Microsoft.AspNetCore.Mvc.RazorPages.Infrastructure.PageActionInvoker[109]
      Executed an implicit handler method, returned result Microsoft.AspNetCore.Mvc.RazorPages.PageResult.
info: Microsoft.AspNetCore.Mvc.RazorPages.Infrastructure.PageActionInvoker[4]
      Executed page /_Host in 1296.907ms
info: Microsoft.AspNetCore.Routing.EndpointMiddleware[1]
      Executed endpoint '/_Host'
info: Microsoft.AspNetCore.Hosting.Diagnostics[2]
      Request finished HTTP/1.1 GET http://localhost:5000/ - - - 200 - text/html;+charset=utf-8 2109.7834ms
info: Microsoft.AspNetCore.Hosting.Diagnostics[1]
      Request starting HTTP/1.1 GET http://localhost:5000/assets/css/styles.css - -
info: Microsoft.AspNetCore.Hosting.Diagnostics[1]
      Request starting HTTP/1.1 GET http://localhost:5000/_framework/blazor.server.js - -
info: Microsoft.AspNetCore.Hosting.Diagnostics[1]
      Request starting HTTP/1.1 GET http://localhost:5000/_content/Radzen.Blazor/Radzen.Blazor.js - -
info: Microsoft.AspNetCore.Hosting.Diagnostics[1]
      Request starting HTTP/1.1 GET http://localhost:5000/_framework/aspnetcore-browser-refresh.js - -
info: Microsoft.AspNetCore.Hosting.Diagnostics[2]
      Request finished HTTP/1.1 GET http://localhost:5000/_framework/aspnetcore-browser-refresh.js - - - 200 11972 application/javascript;+charset=utf-8 22.1389ms
info: Microsoft.AspNetCore.StaticFiles.StaticFileMiddleware[6]
      The file /_content/Radzen.Blazor/Radzen.Blazor.js was not modified
info: Microsoft.AspNetCore.StaticFiles.StaticFileMiddleware[6]
      The file /assets/css/styles.css was not modified
info: Microsoft.AspNetCore.StaticFiles.StaticFileMiddleware[6]
      The file /_framework/blazor.server.js was not modified
info: Microsoft.AspNetCore.Hosting.Diagnostics[2]
      Request finished HTTP/1.1 GET http://localhost:5000/_framework/blazor.server.js - - - 304 - application/javascript 128.7803ms
info: Microsoft.AspNetCore.Hosting.Diagnostics[2]
      Request finished HTTP/1.1 GET http://localhost:5000/assets/css/styles.css - - - 304 - text/css 211.6914ms
info: Microsoft.AspNetCore.Hosting.Diagnostics[2]
      Request finished HTTP/1.1 GET http://localhost:5000/_content/Radzen.Blazor/Radzen.Blazor.js - - - 304 - application/javascript 88.5596ms
info: Microsoft.AspNetCore.Hosting.Diagnostics[1]
      Request starting HTTP/1.1 GET http://localhost:5000/assets/css/styles-generated.css - -
info: Microsoft.AspNetCore.StaticFiles.StaticFileMiddleware[6]
      The file /assets/css/styles-generated.css was not modified
info: Microsoft.AspNetCore.Hosting.Diagnostics[2]
      Request finished HTTP/1.1 GET http://localhost:5000/assets/css/styles-generated.css - - - 304 - text/css 57.0829ms
info: Microsoft.AspNetCore.Hosting.Diagnostics[1]
      Request starting HTTP/1.1 GET http://localhost:5000/_content/Radzen.Blazor/css/standard.css - -
info: Microsoft.AspNetCore.StaticFiles.StaticFileMiddleware[6]
      The file /_content/Radzen.Blazor/css/standard